Using pre-set license
Built from '2021.3/staging' branch; Version is '2021.3.15f1 (e8e88683f834) revision 15263878'; Using compiler version '192829333'; Build Type 'Release'
OS: 'Windows 10  (10.0.19044) 64bit Professional' Language: 'en' Physical Memory: 32627 MB
BatchMode: 1, IsHumanControllingUs: 0, StartBugReporterOnCrash: 0, Is64bit: 1, IsPro: 1

COMMAND LINE ARGUMENTS:
C:\Program Files\Unity\Hub\Editor\2021.3.15f1\Editor\Unity.exe
-adb2
-batchMode
-noUpm
-name
AssetImportWorker0
-projectPath
D:/UNITY/GraduationGitHub/Graduation_Pac/PacGrad
-logFile
Logs/AssetImportWorker0.log
-srvPort
51576
Successfully changed project path to: D:/UNITY/GraduationGitHub/Graduation_Pac/PacGrad
D:/UNITY/GraduationGitHub/Graduation_Pac/PacGrad
[UnityMemory] Configuration Parameters - Can be set up in boot.config
    "memorysetup-bucket-allocator-granularity=16"
    "memorysetup-bucket-allocator-bucket-count=8"
    "memorysetup-bucket-allocator-block-size=33554432"
    "memorysetup-bucket-allocator-block-count=8"
    "memorysetup-main-allocator-block-size=16777216"
    "memorysetup-thread-allocator-block-size=16777216"
    "memorysetup-gfx-main-allocator-block-size=16777216"
    "memorysetup-gfx-thread-allocator-block-size=16777216"
    "memorysetup-cache-allocator-block-size=4194304"
    "memorysetup-typetree-allocator-block-size=2097152"
    "memorysetup-profiler-bucket-allocator-granularity=16"
    "memorysetup-profiler-bucket-allocator-bucket-count=8"
    "memorysetup-profiler-bucket-allocator-block-size=33554432"
    "memorysetup-profiler-bucket-allocator-block-count=8"
    "memorysetup-profiler-allocator-block-size=16777216"
    "memorysetup-profiler-editor-allocator-block-size=1048576"
    "memorysetup-temp-allocator-size-main=16777216"
    "memorysetup-job-temp-allocator-block-size=2097152"
    "memorysetup-job-temp-allocator-block-size-background=1048576"
    "memorysetup-job-temp-allocator-reduction-small-platforms=262144"
    "memorysetup-temp-allocator-size-background-worker=32768"
    "memorysetup-temp-allocator-size-job-worker=262144"
    "memorysetup-temp-allocator-size-preload-manager=33554432"
    "memorysetup-temp-allocator-size-nav-mesh-worker=65536"
    "memorysetup-temp-allocator-size-audio-worker=65536"
    "memorysetup-temp-allocator-size-cloud-worker=32768"
    "memorysetup-temp-allocator-size-gi-baking-worker=262144"
    "memorysetup-temp-allocator-size-gfx=262144"
Player connection [13768] Host "[IP] 192.168.0.100 [Port] 0 [Flags] 2 [Guid] 483220214 [EditorId] 483220214 [Version] 1048832 [Id] WindowsEditor(7,DESKTOP-EIVMBQH) [Debug] 1 [PackageName] WindowsEditor [ProjectName] Editor" joined multi-casting on [225.0.0.222:54997]...

Player connection [13768] Host "[IP] 192.168.0.100 [Port] 0 [Flags] 2 [Guid] 483220214 [EditorId] 483220214 [Version] 1048832 [Id] WindowsEditor(7,DESKTOP-EIVMBQH) [Debug] 1 [PackageName] WindowsEditor [ProjectName] Editor" joined alternative multi-casting on [225.0.0.222:34997]...

Refreshing native plugins compatible for Editor in 94.12 ms, found 4 plugins.
Preloading 0 native plugins for Editor in 0.00 ms.
Initialize engine version: 2021.3.15f1 (e8e88683f834)
[Subsystems] Discovering subsystems at path C:/Program Files/Unity/Hub/Editor/2021.3.15f1/Editor/Data/Resources/UnitySubsystems
[Subsystems] Discovering subsystems at path D:/UNITY/GraduationGitHub/Graduation_Pac/PacGrad/Assets
GfxDevice: creating device client; threaded=0; jobified=0
Direct3D:
    Version:  Direct3D 11.0 [level 11.1]
    Renderer: NVIDIA GeForce RTX 3070 (ID=0x2488)
    Vendor:   NVIDIA
    VRAM:     8043 MB
    Driver:   30.0.14.7141
Initialize mono
Mono path[0] = 'C:/Program Files/Unity/Hub/Editor/2021.3.15f1/Editor/Data/Managed'
Mono path[1] = 'C:/Program Files/Unity/Hub/Editor/2021.3.15f1/Editor/Data/MonoBleedingEdge/lib/mono/unityjit-win32'
Mono config path = 'C:/Program Files/Unity/Hub/Editor/2021.3.15f1/Editor/Data/MonoBleedingEdge/etc'
Using monoOptions --debugger-agent=transport=dt_socket,embedding=1,server=y,suspend=n,address=127.0.0.1:56972
Begin MonoManager ReloadAssembly
Registering precompiled unity dll's ...
Register platform support module: C:/Program Files/Unity/Hub/Editor/2021.3.15f1/Editor/Data/PlaybackEngines/AndroidPlayer/UnityEditor.Android.Extensions.dll
Register platform support module: C:/Program Files/Unity/Hub/Editor/2021.3.15f1/Editor/Data/PlaybackEngines/WindowsStandaloneSupport/UnityEditor.WindowsStandalone.Extensions.dll
Registered in 0.161672 seconds.
Native extension for WindowsStandalone target not found
Native extension for Android target not found
Refreshing native plugins compatible for Editor in 88.58 ms, found 4 plugins.
Preloading 0 native plugins for Editor in 0.00 ms.
Mono: successfully reloaded assembly
- Completed reload, in  3.872 seconds
Domain Reload Profiling:
	ReloadAssembly (3872ms)
		BeginReloadAssembly (2517ms)
			ExecutionOrderSort (0ms)
			DisableScriptedObjects (0ms)
			BackupInstance (0ms)
			ReleaseScriptingObjects (0ms)
			CreateAndSetChildDomain (1ms)
		EndReloadAssembly (931ms)
			LoadAssemblies (2515ms)
			RebuildTransferFunctionScriptingTraits (0ms)
			SetupTypeCache (551ms)
			ReleaseScriptCaches (0ms)
			RebuildScriptCaches (28ms)
			SetupLoadedEditorAssemblies (299ms)
				LogAssemblyErrors (0ms)
				InitializePlatformSupportModulesInManaged (61ms)
				SetLoadedEditorAssemblies (2ms)
				RefreshPlugins (89ms)
				BeforeProcessingInitializeOnLoad (1ms)
				ProcessInitializeOnLoadAttributes (100ms)
				ProcessInitializeOnLoadMethodAttributes (46ms)
				AfterProcessingInitializeOnLoad (0ms)
				EditorAssembliesLoaded (0ms)
			ExecutionOrderSort2 (0ms)
			AwakeInstancesAfterBackupRestoration (0ms)
Platform modules already initialized, skipping
Registering precompiled user dll's ...
Registered in 0.004619 seconds.
Android Extension - Scanning For ADB Devices 4391 ms
Begin MonoManager ReloadAssembly
Symbol file data-000001BF46FD03F0 doesn't match image D:\UNITY\GraduationGitHub\Graduation_Pac\PacGrad\Library\ScriptAssemblies\Assembly-CSharp.dll
Symbol file LoadedFromMemory is not a mono symbol file
Symbol file LoadedFromMemory doesn't match image D:\UNITY\GraduationGitHub\Graduation_Pac\PacGrad\Library\PackageCache\com.unity.visualscripting@1.7.8\Editor\VisualScripting.Core\Dependencies\YamlDotNet\Unity.VisualScripting.YamlDotNet.dll
Symbol file LoadedFromMemory doesn't match image D:\UNITY\GraduationGitHub\Graduation_Pac\PacGrad\Library\PackageCache\com.unity.visualscripting@1.7.8\Editor\VisualScripting.Core\Dependencies\DotNetZip\Unity.VisualScripting.IonicZip.dll
Native extension for WindowsStandalone target not found
Native extension for Android target not found
Refreshing native plugins compatible for Editor in 95.44 ms, found 4 plugins.
Preloading 0 native plugins for Editor in 0.00 ms.
Mono: successfully reloaded assembly
- Completed reload, in  4.520 seconds
Domain Reload Profiling:
	ReloadAssembly (4521ms)
		BeginReloadAssembly (86ms)
			ExecutionOrderSort (0ms)
			DisableScriptedObjects (7ms)
			BackupInstance (0ms)
			ReleaseScriptingObjects (0ms)
			CreateAndSetChildDomain (16ms)
		EndReloadAssembly (4288ms)
			LoadAssemblies (2514ms)
			RebuildTransferFunctionScriptingTraits (0ms)
			SetupTypeCache (544ms)
			ReleaseScriptCaches (1ms)
			RebuildScriptCaches (56ms)
			SetupLoadedEditorAssemblies (1102ms)
				LogAssemblyErrors (0ms)
				InitializePlatformSupportModulesInManaged (14ms)
				SetLoadedEditorAssemblies (0ms)
				RefreshPlugins (95ms)
				BeforeProcessingInitializeOnLoad (104ms)
				ProcessInitializeOnLoadAttributes (286ms)
				ProcessInitializeOnLoadMethodAttributes (594ms)
				AfterProcessingInitializeOnLoad (8ms)
				EditorAssembliesLoaded (0ms)
			ExecutionOrderSort2 (0ms)
			AwakeInstancesAfterBackupRestoration (7ms)
Platform modules already initialized, skipping
========================================================================
Worker process is ready to serve import requests
Launched and connected shader compiler UnityShaderCompiler.exe after 0.04 seconds
Refreshing native plugins compatible for Editor in 0.67 ms, found 4 plugins.
Preloading 0 native plugins for Editor in 0.00 ms.
Unloading 4072 Unused Serialized files (Serialized files now loaded: 0)
Unloading 44 unused Assets / (228.9 KB). Loaded Objects now: 4525.
Memory consumption went from 153.6 MB to 153.4 MB.
Total: 3.191500 ms (FindLiveObjects: 0.400600 ms CreateObjectMapping: 0.120800 ms MarkObjects: 2.524100 ms  DeleteObjects: 0.145000 ms)

AssetImportParameters requested are different than current active one (requested -> active):
  custom:video-decoder-ogg-theora: a1e56fd34408186e4bbccfd4996cb3dc -> 
  custom:container-muxer-webm: aa71ff27fc2769a1b78a27578f13a17b -> 
  custom:container-demuxer-webm: 4f35f7cbe854078d1ac9338744f61a02 -> 
  custom:video-encoder-webm-vp8: eb34c28f22e8b96e1ab97ce403110664 -> 
  custom:audio-encoder-webm-vorbis: bf7c407c2cedff20999df2af8eb42d56 -> 
  custom:framework-win-MediaFoundation: 216162199b28c13a410421893ffa2e32 -> 
  custom:container-demuxer-ogg: 62fdf1f143b41e24485cea50d1cbac27 -> 
  custom:video-decoder-webm-vp8: 9c59270c3fd7afecdb556c50c9e8de78 -> 
  custom:audio-decoder-ogg-vorbis: bf7c407c2cedff20999df2af8eb42d56 -> 
========================================================================
Received Import Request.
  Time since last request: 11935.913161 seconds.
  path: Assets/Prefabs/Level/Grid (Small).prefab
  artifactKey: Guid(6d8de720094dada4f82fae601a103331) Importer(815301076,1909f56bfc062723c751e8b465ee728b)
Start importing Assets/Prefabs/Level/Grid (Small).prefab using Guid(6d8de720094dada4f82fae601a103331) Importer(815301076,1909f56bfc062723c751e8b465ee728b)  -> (artifact id: '00d4cda7b165ecba84f2d89912e87d43') in 0.185276 seconds 
========================================================================
Received Import Request.
  Time since last request: 1.607403 seconds.
  path: Assets/Prefabs/Level/Grid (Small).prefab
  artifactKey: Guid(6d8de720094dada4f82fae601a103331) Importer(815301076,1909f56bfc062723c751e8b465ee728b)
Start importing Assets/Prefabs/Level/Grid (Small).prefab using Guid(6d8de720094dada4f82fae601a103331) Importer(815301076,1909f56bfc062723c751e8b465ee728b)  -> (artifact id: '246beae9f3d2f897134dc6956d07ba78') in 0.037868 seconds 
========================================================================
Received Import Request.
  Time since last request: 4.801196 seconds.
  path: Assets/Prefabs/Level/Grid (Small).prefab
  artifactKey: Guid(6d8de720094dada4f82fae601a103331) Importer(815301076,1909f56bfc062723c751e8b465ee728b)
Start importing Assets/Prefabs/Level/Grid (Small).prefab using Guid(6d8de720094dada4f82fae601a103331) Importer(815301076,1909f56bfc062723c751e8b465ee728b)  -> (artifact id: '7231f4568c669ef03dc446049bdee87f') in 0.041527 seconds 
========================================================================
Received Import Request.
  Time since last request: 6.791745 seconds.
  path: Assets/Prefabs/Level/Grid (Small).prefab
  artifactKey: Guid(6d8de720094dada4f82fae601a103331) Importer(815301076,1909f56bfc062723c751e8b465ee728b)
Start importing Assets/Prefabs/Level/Grid (Small).prefab using Guid(6d8de720094dada4f82fae601a103331) Importer(815301076,1909f56bfc062723c751e8b465ee728b)  -> (artifact id: '292fcd5a2583d3f51c8485295d64f1bd') in 0.042112 seconds 
========================================================================
Received Import Request.
  Time since last request: 5.008473 seconds.
  path: Assets/Prefabs/Level/Grid (Small).prefab
  artifactKey: Guid(6d8de720094dada4f82fae601a103331) Importer(815301076,1909f56bfc062723c751e8b465ee728b)
Start importing Assets/Prefabs/Level/Grid (Small).prefab using Guid(6d8de720094dada4f82fae601a103331) Importer(815301076,1909f56bfc062723c751e8b465ee728b)  -> (artifact id: '8821607ba1fdb9e6d744bff66048ebb3') in 0.042309 seconds 
========================================================================
Received Import Request.
  Time since last request: 2.551941 seconds.
  path: Assets/Prefabs/Level/Grid (Small).prefab
  artifactKey: Guid(6d8de720094dada4f82fae601a103331) Importer(815301076,1909f56bfc062723c751e8b465ee728b)
Start importing Assets/Prefabs/Level/Grid (Small).prefab using Guid(6d8de720094dada4f82fae601a103331) Importer(815301076,1909f56bfc062723c751e8b465ee728b)  -> (artifact id: '847515903ed8c37c06bfa0e0070a76c9') in 0.038838 seconds 
========================================================================
Received Import Request.
  Time since last request: 7.434607 seconds.
  path: Assets/Prefabs/Level/Grid (Small).prefab
  artifactKey: Guid(6d8de720094dada4f82fae601a103331) Importer(815301076,1909f56bfc062723c751e8b465ee728b)
Start importing Assets/Prefabs/Level/Grid (Small).prefab using Guid(6d8de720094dada4f82fae601a103331) Importer(815301076,1909f56bfc062723c751e8b465ee728b)  -> (artifact id: 'f3d47db198c9ec67344df0012cc1a68e') in 0.042215 seconds 
========================================================================
Received Import Request.
  Time since last request: 13.030940 seconds.
  path: Assets/Prefabs/Level/Grid (Small).prefab
  artifactKey: Guid(6d8de720094dada4f82fae601a103331) Importer(815301076,1909f56bfc062723c751e8b465ee728b)
Start importing Assets/Prefabs/Level/Grid (Small).prefab using Guid(6d8de720094dada4f82fae601a103331) Importer(815301076,1909f56bfc062723c751e8b465ee728b)  -> (artifact id: '112aa3e0ee8165273d548adf42d6ae23') in 0.040967 seconds 
========================================================================
Received Import Request.
  Time since last request: 16.691048 seconds.
  path: Assets/Prefabs/Level/Grid (Small).prefab
  artifactKey: Guid(6d8de720094dada4f82fae601a103331) Importer(815301076,1909f56bfc062723c751e8b465ee728b)
Start importing Assets/Prefabs/Level/Grid (Small).prefab using Guid(6d8de720094dada4f82fae601a103331) Importer(815301076,1909f56bfc062723c751e8b465ee728b)  -> (artifact id: '2a79ddcc054134556599a32c3ac30e10') in 0.038289 seconds 
========================================================================
Received Import Request.
  Time since last request: 11.671191 seconds.
  path: Assets/Prefabs/Level/Grid (Small).prefab
  artifactKey: Guid(6d8de720094dada4f82fae601a103331) Importer(815301076,1909f56bfc062723c751e8b465ee728b)
Start importing Assets/Prefabs/Level/Grid (Small).prefab using Guid(6d8de720094dada4f82fae601a103331) Importer(815301076,1909f56bfc062723c751e8b465ee728b)  -> (artifact id: '3891d4e54f36d3bd13c1f62a73cb9814') in 0.043418 seconds 
========================================================================
Received Import Request.
  Time since last request: 1.763633 seconds.
  path: Assets/Prefabs/Level/Grid (Small).prefab
  artifactKey: Guid(6d8de720094dada4f82fae601a103331) Importer(815301076,1909f56bfc062723c751e8b465ee728b)
Start importing Assets/Prefabs/Level/Grid (Small).prefab using Guid(6d8de720094dada4f82fae601a103331) Importer(815301076,1909f56bfc062723c751e8b465ee728b)  -> (artifact id: '49d26b889e1cca187848212277daa9c1') in 0.041706 seconds 
========================================================================
Received Import Request.
  Time since last request: 10.824975 seconds.
  path: Assets/Prefabs/Level/Grid (Small).prefab
  artifactKey: Guid(6d8de720094dada4f82fae601a103331) Importer(815301076,1909f56bfc062723c751e8b465ee728b)
Start importing Assets/Prefabs/Level/Grid (Small).prefab using Guid(6d8de720094dada4f82fae601a103331) Importer(815301076,1909f56bfc062723c751e8b465ee728b)  -> (artifact id: '049b5d20b11f579e5184bb8318ac507b') in 0.041706 seconds 
========================================================================
Received Import Request.
  Time since last request: 2.164068 seconds.
  path: Assets/Prefabs/Level/Grid (Small).prefab
  artifactKey: Guid(6d8de720094dada4f82fae601a103331) Importer(815301076,1909f56bfc062723c751e8b465ee728b)
Start importing Assets/Prefabs/Level/Grid (Small).prefab using Guid(6d8de720094dada4f82fae601a103331) Importer(815301076,1909f56bfc062723c751e8b465ee728b)  -> (artifact id: '9ea3c91726d74a0c640fc41c4de86523') in 0.038562 seconds 
========================================================================
Received Import Request.
  Time since last request: 2.978679 seconds.
  path: Assets/Prefabs/Level/Grid (Small).prefab
  artifactKey: Guid(6d8de720094dada4f82fae601a103331) Importer(815301076,1909f56bfc062723c751e8b465ee728b)
Start importing Assets/Prefabs/Level/Grid (Small).prefab using Guid(6d8de720094dada4f82fae601a103331) Importer(815301076,1909f56bfc062723c751e8b465ee728b)  -> (artifact id: '92db9f622d7be937577f6414650c7be4') in 0.043517 seconds 
========================================================================
Received Import Request.
  Time since last request: 11.247428 seconds.
  path: Assets/Prefabs/Level/Grid (Small).prefab
  artifactKey: Guid(6d8de720094dada4f82fae601a103331) Importer(815301076,1909f56bfc062723c751e8b465ee728b)
Start importing Assets/Prefabs/Level/Grid (Small).prefab using Guid(6d8de720094dada4f82fae601a103331) Importer(815301076,1909f56bfc062723c751e8b465ee728b)  -> (artifact id: '0f306f569341f844a864231cbeed736d') in 0.046975 seconds 
========================================================================
Received Import Request.
  Time since last request: 0.345324 seconds.
  path: Assets/Prefabs/Level/Grid (Small).prefab
  artifactKey: Guid(6d8de720094dada4f82fae601a103331) Importer(815301076,1909f56bfc062723c751e8b465ee728b)
Start importing Assets/Prefabs/Level/Grid (Small).prefab using Guid(6d8de720094dada4f82fae601a103331) Importer(815301076,1909f56bfc062723c751e8b465ee728b)  -> (artifact id: '2a1603ae26849d641942b27624fa45ac') in 0.043202 seconds 
========================================================================
Received Import Request.
  Time since last request: 9.012365 seconds.
  path: Assets/Prefabs/Level/Grid (Small).prefab
  artifactKey: Guid(6d8de720094dada4f82fae601a103331) Importer(815301076,1909f56bfc062723c751e8b465ee728b)
Start importing Assets/Prefabs/Level/Grid (Small).prefab using Guid(6d8de720094dada4f82fae601a103331) Importer(815301076,1909f56bfc062723c751e8b465ee728b)  -> (artifact id: '7908172c463ef9fd3b84c7df2ff3385f') in 0.041294 seconds 
========================================================================
Received Import Request.
  Time since last request: 24.189915 seconds.
  path: Assets/Prefabs/Level/Grid (Small).prefab
  artifactKey: Guid(6d8de720094dada4f82fae601a103331) Importer(815301076,1909f56bfc062723c751e8b465ee728b)
Start importing Assets/Prefabs/Level/Grid (Small).prefab using Guid(6d8de720094dada4f82fae601a103331) Importer(815301076,1909f56bfc062723c751e8b465ee728b)  -> (artifact id: 'eafea80f640d9c741b1ac26f61370ba3') in 0.041143 seconds 
========================================================================
Received Import Request.
  Time since last request: 6.599110 seconds.
  path: Assets/Prefabs/Level/Grid (Small).prefab
  artifactKey: Guid(6d8de720094dada4f82fae601a103331) Importer(815301076,1909f56bfc062723c751e8b465ee728b)
Start importing Assets/Prefabs/Level/Grid (Small).prefab using Guid(6d8de720094dada4f82fae601a103331) Importer(815301076,1909f56bfc062723c751e8b465ee728b)  -> (artifact id: '84227ef7b9d390d001329b410843cb4e') in 0.043284 seconds 
========================================================================
Received Import Request.
  Time since last request: 6.406229 seconds.
  path: Assets/Prefabs/Level/Grid (Small).prefab
  artifactKey: Guid(6d8de720094dada4f82fae601a103331) Importer(815301076,1909f56bfc062723c751e8b465ee728b)
Start importing Assets/Prefabs/Level/Grid (Small).prefab using Guid(6d8de720094dada4f82fae601a103331) Importer(815301076,1909f56bfc062723c751e8b465ee728b)  -> (artifact id: 'cc10a5423dbd1594906f24d8ed623247') in 0.041507 seconds 
========================================================================
Received Import Request.
  Time since last request: 11.428792 seconds.
  path: Assets/Prefabs/Level/Grid (Small).prefab
  artifactKey: Guid(6d8de720094dada4f82fae601a103331) Importer(815301076,1909f56bfc062723c751e8b465ee728b)
Start importing Assets/Prefabs/Level/Grid (Small).prefab using Guid(6d8de720094dada4f82fae601a103331) Importer(815301076,1909f56bfc062723c751e8b465ee728b)  -> (artifact id: 'e6b2b1e6cea650be77f96698d00bed0f') in 0.039548 seconds 
========================================================================
Received Import Request.
  Time since last request: 13.658932 seconds.
  path: Assets/Prefabs/Level/Grid (Small).prefab
  artifactKey: Guid(6d8de720094dada4f82fae601a103331) Importer(815301076,1909f56bfc062723c751e8b465ee728b)
Start importing Assets/Prefabs/Level/Grid (Small).prefab using Guid(6d8de720094dada4f82fae601a103331) Importer(815301076,1909f56bfc062723c751e8b465ee728b)  -> (artifact id: 'd4758601b3453fcdd0d17335db8921d8') in 0.037921 seconds 
========================================================================
Received Import Request.
  Time since last request: 263.149869 seconds.
  path: Assets/Prefabs/Level/Grid (Small).prefab
  artifactKey: Guid(6d8de720094dada4f82fae601a103331) Importer(815301076,1909f56bfc062723c751e8b465ee728b)
Start importing Assets/Prefabs/Level/Grid (Small).prefab using Guid(6d8de720094dada4f82fae601a103331) Importer(815301076,1909f56bfc062723c751e8b465ee728b)  -> (artifact id: '457d6ab61f3cdb0d0299e0a279861f44') in 0.046743 seconds 
========================================================================
Received Import Request.
  Time since last request: 0.539990 seconds.
  path: Assets/Prefabs/Level/Grid (Small).prefab
  artifactKey: Guid(6d8de720094dada4f82fae601a103331) Importer(815301076,1909f56bfc062723c751e8b465ee728b)
Start importing Assets/Prefabs/Level/Grid (Small).prefab using Guid(6d8de720094dada4f82fae601a103331) Importer(815301076,1909f56bfc062723c751e8b465ee728b)  -> (artifact id: '8c9e2a702aca92f06b74ae7ef69d26d4') in 0.043165 seconds 
========================================================================
Received Import Request.
  Time since last request: 1.565131 seconds.
  path: Assets/Prefabs/Level/Grid (Small).prefab
  artifactKey: Guid(6d8de720094dada4f82fae601a103331) Importer(815301076,1909f56bfc062723c751e8b465ee728b)
Start importing Assets/Prefabs/Level/Grid (Small).prefab using Guid(6d8de720094dada4f82fae601a103331) Importer(815301076,1909f56bfc062723c751e8b465ee728b)  -> (artifact id: '2ea4656c60b131c1b9f7db391745128c') in 0.041596 seconds 
========================================================================
Received Import Request.
  Time since last request: 1.567403 seconds.
  path: Assets/Prefabs/Level/Grid (Small).prefab
  artifactKey: Guid(6d8de720094dada4f82fae601a103331) Importer(815301076,1909f56bfc062723c751e8b465ee728b)
Start importing Assets/Prefabs/Level/Grid (Small).prefab using Guid(6d8de720094dada4f82fae601a103331) Importer(815301076,1909f56bfc062723c751e8b465ee728b)  -> (artifact id: '9c6e069397a16e57f022670b571ff696') in 0.042116 seconds 
========================================================================
Received Import Request.
  Time since last request: 0.560935 seconds.
  path: Assets/Prefabs/Level/Grid (Small).prefab
  artifactKey: Guid(6d8de720094dada4f82fae601a103331) Importer(815301076,1909f56bfc062723c751e8b465ee728b)
Start importing Assets/Prefabs/Level/Grid (Small).prefab using Guid(6d8de720094dada4f82fae601a103331) Importer(815301076,1909f56bfc062723c751e8b465ee728b)  -> (artifact id: '3ce14544fbe1a2642b29d11bcf767ca7') in 0.042169 seconds 
